<?xml version="1.0" encoding="UTF-8"?>
<!-- Generated by org.testng.reporters.JUnitReportReporter -->
<testsuite hostname="DESKTOP-K603VQO" failures="0" tests="4" name="testScripts.LoginTest" time="14.004" errors="0" timestamp="2023-08-15T01:04:31 EDT" skipped="0">
  <testcase classname="testScripts.LoginTest" name="loginTest" time="3.644"/>
  <system-out/>
  <testcase classname="testScripts.LoginTest" name="loginTest" time="3.395"/>
  <system-out/>
  <testcase classname="testScripts.LoginTest" name="loginTest" time="3.506"/>
  <system-out/>
  <testcase classname="testScripts.LoginTest" name="loginTest" time="3.459"/>
  <system-out/>
</testsuite> <!-- testScripts.LoginTest -->
