<?xml version="1.0" encoding="UTF-8"?>
<!-- Generated by org.testng.reporters.JUnitReportReporter -->
<testsuite hostname="DESKTOP-K603VQO" failures="0" tests="4" name="testScripts.LoginTest" time="15.195" errors="0" timestamp="2023-08-28T00:29:38 EDT" skipped="0">
  <testcase classname="testScripts.LoginTest" name="loginTest" time="3.750"/>
  <system-out/>
  <testcase classname="testScripts.LoginTest" name="loginTest" time="3.923"/>
  <system-out/>
  <testcase classname="testScripts.LoginTest" name="loginTest" time="3.835"/>
  <system-out/>
  <testcase classname="testScripts.LoginTest" name="loginTest" time="3.687"/>
  <system-out/>
</testsuite> <!-- testScripts.LoginTest -->
